<?xml version="1.0" encoding="UTF-8"?>
<!-- Generated by org.testng.reporters.JUnitReportReporter -->
<testsuite hostname="DESKTOP-37EBRU3" failures="1" tests="5" name="runner.TestNGRunner" time="182.583" errors="0" timestamp="2022-09-14T11:21:33 IST" skipped="0">
  <testcase classname="runner.TestNGRunner" name="runScenario" time="21.781"/>
  <system-out/>
  <testcase classname="runner.TestNGRunner" name="runScenario" time="70.908"/>
  <system-out/>
  <testcase classname="runner.TestNGRunner" name="runScenario" time="21.609">
    <failure message="expected [false] but found [true]" type="java.lang.AssertionError">
      <![CDATA[java.lang.AssertionError: expected [false] but found [true]
at org.testng.Assert.fail(Assert.java:99)
at org.testng.Assert.failNotEquals(Assert.java:1037)
at org.testng.Assert.assertFalse(Assert.java:67)
at org.testng.Assert.assertFalse(Assert.java:77)
at stepDef.FinoLoginStepDef.i_clicked_on_login_btn_and_looged_in(FinoLoginStepDef.java:60)
at âœ½.i clicked on login btn and looged in(file:///C:/Users/Harshal/eclipse-workspace-new/BDDTestNG/src/test/resources/features/FinoLogin.feature:11)
]]>
    </failure>
  </testcase> <!-- runScenario -->
  <system-out/>
  <testcase classname="runner.TestNGRunner" name="runScenario" time="24.007"/>
  <system-out/>
  <testcase classname="runner.TestNGRunner" name="runScenario" time="44.278"/>
  <system-out/>
</testsuite> <!-- runner.TestNGRunner -->
